0 info it worked if it ends with ok
1 verbose cli [
1 verbose cli   'C:\\Program Files\\nodejs\\node.exe',
1 verbose cli   'C:\\Users\\User\\Desktop\\Assignment\\api-assignment\\node_modules\\npm\\bin\\npm-cli.js',
1 verbose cli   'run',
1 verbose cli   'server'
1 verbose cli ]
2 info using npm@1.3.26
3 info using node@v14.15.5
4 warn invalid config loglevel="notice"
5 verbose run-script [ 'preserver', 'server', 'postserver' ]
6 info preserver api-assignment@0.1.0
7 info server api-assignment@0.1.0
8 verbose unsafe-perm in lifecycle true
9 info api-assignment@0.1.0 Failed to exec server script
10 error api-assignment@0.1.0 server: `node route/index.js`
10 error Exit status 3221225786
11 error Failed at the api-assignment@0.1.0 server script.
11 error This is most likely a problem with the api-assignment package,
11 error not with npm itself.
11 error Tell the author that this fails on your system:
11 error     node route/index.js
11 error You can get their info via:
11 error     npm owner ls api-assignment
11 error There is likely additional logging output above.
12 error System Windows_NT 10.0.19042
13 error command "C:\\Program Files\\nodejs\\node.exe" "C:\\Users\\User\\Desktop\\Assignment\\api-assignment\\node_modules\\npm\\bin\\npm-cli.js" "run" "server"
14 error cwd C:\Users\User\Desktop\Assignment\api-assignment
15 error node -v v14.15.5
16 error npm -v 1.3.26
17 error code ELIFECYCLE
18 verbose exit [ 1, true ]
